<?xml version="1.0" encoding="UTF-8"?>
<!-- Generated by org.testng.reporters.JUnitReportReporter -->
<testsuite hostname="AMAXQQMJ6JWD9" failures="0" tests="1" name="TestNGRunner.TestNGTestRunner" time="102.301" errors="0" timestamp="2024-11-14T18:54:11 IST" skipped="0">
  <testcase classname="TestNGRunner.TestNGTestRunner" name="runScenario" time="102.301"/>
</testsuite> <!-- TestNGRunner.TestNGTestRunner -->
